2025-12-18 13:37:00 | DEBUG | repo=2017-course-sys-int-activemq-seminar | action=test | passed=true
2025-12-13 16:31:00 | INFO | repo=2017-course-sys-int-activemq-seminar | action=test | passed=true
2025-10-18 18:40:00 | WARN | repo=2017-course-sys-int-activemq-seminar | action=pull
2025-08-09 08:23:00 | DEBUG | repo=2017-course-sys-int-activemq-seminar | action=test | passed=true
2025-04-22 07:57:00 | DEBUG | repo=2017-course-sys-int-activemq-seminar | action=commit
2025-08-01 15:00:00 | WARN | repo=2017-course-sys-int-activemq-seminar | action=pull
2025-02-06 21:01:00 | DEBUG | repo=2017-course-sys-int-activemq-seminar | action=commit
2025-11-04 16:02:00 | WARN | repo=2017-course-sys-int-activemq-seminar | action=edit | files=5
2025-04-22 21:37:00 | INFO | repo=2017-course-sys-int-activemq-seminar | action=commit
2025-12-25 19:51:00 | WARN | repo=2017-course-sys-int-activemq-seminar | action=commit
2025-08-19 21:53:00 | WARN | repo=2017-course-sys-int-activemq-seminar | action=edit | files=4
2025-08-14 21:37:00 | INFO | repo=2017-course-sys-int-activemq-seminar | action=pull
2025-06-13 10:16:00 | DEBUG | repo=2017-course-sys-int-activemq-seminar | action=commit
2025-12-02 14:51:00 | DEBUG | repo=2017-course-sys-int-activemq-seminar | action=test | passed=true
2025-04-13 20:17:00 | INFO | repo=2017-course-sys-int-activemq-seminar | action=commit
2025-01-27 12:18:00 | WARN | repo=2017-course-sys-int-activemq-seminar | action=test | passed=true
2025-03-21 20:27:00 | INFO | repo=2017-course-sys-int-activemq-seminar | action=edit | files=3
2025-08-16 08:47:00 | DEBUG | repo=2017-course-sys-int-activemq-seminar | action=commit
2025-04-22 08:24:00 | WARN | repo=2017-course-sys-int-activemq-seminar | action=edit | files=5
2025-12-04 17:25:00 | DEBUG | repo=2017-course-sys-int-activemq-seminar | action=commit
2025-09-01 18:18:00 | DEBUG | repo=2017-course-sys-int-activemq-seminar | action=test | passed=true
2025-11-16 14:47:00 | WARN | repo=2017-course-sys-int-activemq-seminar | action=test | passed=true
2025-09-25 14:50:00 | WARN | repo=2017-course-sys-int-activemq-seminar | action=commit
2025-03-24 07:02:00 | INFO | repo=2017-course-sys-int-activemq-seminar | action=commit
2025-01-02 09:22:00 | DEBUG | repo=2017-course-sys-int-activemq-seminar | action=pull
2025-04-13 12:50:00 | DEBUG | repo=2017-course-sys-int-activemq-seminar | action=commit
2025-05-12 08:11:00 | WARN | repo=2017-course-sys-int-activemq-seminar | action=commit
2025-02-26 20:40:00 | DEBUG | repo=2017-course-sys-int-activemq-seminar | action=commit
2025-06-09 14:19:00 | DEBUG | repo=2017-course-sys-int-activemq-seminar | action=pull
2025-02-01 09:06:00 | INFO | repo=2017-course-sys-int-activemq-seminar | action=commit
2025-08-12 11:12:00 | WARN | repo=2017-course-sys-int-activemq-seminar | action=commit
2025-01-14 14:51:00 | INFO | repo=2017-course-sys-int-activemq-seminar | action=pull
2025-01-17 13:03:00 | DEBUG | repo=2017-course-sys-int-activemq-seminar | action=commit
2025-10-01 13:45:00 | WARN | repo=2017-course-sys-int-activemq-seminar | action=commit
2025-07-17 19:50:00 | DEBUG | repo=2017-course-sys-int-activemq-seminar | action=edit | files=1
2025-04-27 15:10:00 | WARN | repo=2017-course-sys-int-activemq-seminar | action=commit
2025-05-22 17:21:00 | WARN | repo=2017-course-sys-int-activemq-seminar | action=commit
2025-08-20 12:27:00 | WARN | repo=2017-course-sys-int-activemq-seminar | action=commit
2025-12-02 09:42:00 | WARN | repo=2017-course-sys-int-activemq-seminar | action=commit
2025-05-20 20:15:00 | WARN | repo=2017-course-sys-int-activemq-seminar | action=commit
2025-08-25 20:40:00 | DEBUG | repo=2017-course-sys-int-activemq-seminar | action=test | passed=true
2025-09-20 11:23:00 | WARN | repo=2017-course-sys-int-activemq-seminar | action=commit
2025-04-21 14:25:00 | WARN | repo=2017-course-sys-int-activemq-seminar | action=pull
2025-04-21 08:34:00 | DEBUG | repo=2017-course-sys-int-activemq-seminar | action=pull
2025-01-10 13:40:00 | WARN | repo=2017-course-sys-int-activemq-seminar | action=commit
2025-05-13 18:12:00 | INFO | repo=2017-course-sys-int-activemq-seminar | action=test | passed=true
2025-09-23 18:02:00 | WARN | repo=2017-course-sys-int-activemq-seminar | action=pull
2025-02-19 21:05:00 | DEBUG | repo=2017-course-sys-int-activemq-seminar | action=edit | files=2
2025-06-04 08:38:00 | INFO | repo=2017-course-sys-int-activemq-seminar | action=test | passed=true
2025-04-19 11:18:00 | WARN | repo=2017-course-sys-int-activemq-seminar | action=edit | files=3
2025-07-06 07:51:00 | WARN | repo=2017-course-sys-int-activemq-seminar | action=commit
2025-10-28 13:23:00 | WARN | repo=2017-course-sys-int-activemq-seminar | action=pull
2025-07-23 08:12:00 | DEBUG | repo=2017-course-sys-int-activemq-seminar | action=pull
2025-10-26 14:10:00 | DEBUG | repo=2017-course-sys-int-activemq-seminar | action=commit
2025-10-12 09:14:00 | INFO | repo=2017-course-sys-int-activemq-seminar | action=commit
2025-08-12 21:17:00 | WARN | repo=2017-course-sys-int-activemq-seminar | action=pull
2025-08-21 13:00:00 | INFO | repo=2017-course-sys-int-activemq-seminar | action=commit
2025-03-25 20:27:00 | WARN | repo=2017-course-sys-int-activemq-seminar | action=commit
2025-07-11 17:29:00 | WARN | repo=2017-course-sys-int-activemq-seminar | action=commit
2025-05-08 12:22:00 | WARN | repo=2017-course-sys-int-activemq-seminar | action=commit
2025-01-07 17:19:00 | WARN | repo=2017-course-sys-int-activemq-seminar | action=edit | files=1
2025-11-06 15:08:00 | DEBUG | repo=2017-course-sys-int-activemq-seminar | action=commit
2025-06-18 19:05:00 | WARN | repo=2017-course-sys-int-activemq-seminar | action=commit
2025-07-15 10:11:00 | WARN | repo=2017-course-sys-int-activemq-seminar | action=commit
